*** Starting uWSGI 2.0.17 (64bit) on [Thu May 17 16:51:28 2018] ***
compiled with version: 5.4.0 20160609 on 17 May 2018 13:03:13
os: Linux-4.4.0-1052-aws #61-Ubuntu SMP Mon Feb 12 23:05:58 UTC 2018
nodename: ip-172-31-33-186
machine: x86_64
clock source: unix
detected number of CPU cores: 1
current working directory: /home/filmspace_20180517/website
detected binary path: /home/ubuntu/venv/bin/uwsgi
!!! no internal routing support, rebuild with pcre support !!!
uWSGI running as root, you can use --uid/--gid/--chroot options
*** WARNING: you are running uWSGI as root !!! (use the --uid flag) *** 
chdir() to /home/filmspace_20180517/website;
chdir(): No such file or directory [core/uwsgi.c line 2629]
*** Starting uWSGI 2.0.17 (64bit) on [Thu May 17 17:03:53 2018] ***
compiled with version: 5.4.0 20160609 on 17 May 2018 13:03:13
os: Linux-4.4.0-1052-aws #61-Ubuntu SMP Mon Feb 12 23:05:58 UTC 2018
nodename: ip-172-31-33-186
machine: x86_64
clock source: unix
detected number of CPU cores: 1
current working directory: /home/filmspace_20180517/website
detected binary path: /home/ubuntu/venv/bin/uwsgi
!!! no internal routing support, rebuild with pcre support !!!
uWSGI running as root, you can use --uid/--gid/--chroot options
*** WARNING: you are running uWSGI as root !!! (use the --uid flag) *** 
chdir() to /home/filmspace_20180517/website;
chdir(): No such file or directory [core/uwsgi.c line 2629]
*** Starting uWSGI 2.0.17 (64bit) on [Thu May 17 17:13:58 2018] ***
compiled with version: 5.4.0 20160609 on 17 May 2018 13:03:13
os: Linux-4.4.0-1052-aws #61-Ubuntu SMP Mon Feb 12 23:05:58 UTC 2018
nodename: ip-172-31-33-186
machine: x86_64
clock source: unix
detected number of CPU cores: 1
current working directory: /home/filmspace_20180517/website
detected binary path: /home/ubuntu/venv/bin/uwsgi
!!! no internal routing support, rebuild with pcre support !!!
uWSGI running as root, you can use --uid/--gid/--chroot options
*** WARNING: you are running uWSGI as root !!! (use the --uid flag) *** 
chdir() to /home/filmspace_20180517/website;
chdir(): No such file or directory [core/uwsgi.c line 2629]
*** Starting uWSGI 2.0.17 (64bit) on [Thu May 17 17:16:07 2018] ***
compiled with version: 5.4.0 20160609 on 17 May 2018 13:03:13
os: Linux-4.4.0-1052-aws #61-Ubuntu SMP Mon Feb 12 23:05:58 UTC 2018
nodename: ip-172-31-33-186
machine: x86_64
clock source: unix
detected number of CPU cores: 1
current working directory: /home/filmspace_20180517/website
detected binary path: /home/ubuntu/venv/bin/uwsgi
!!! no internal routing support, rebuild with pcre support !!!
uWSGI running as root, you can use --uid/--gid/--chroot options
*** WARNING: you are running uWSGI as root !!! (use the --uid flag) *** 
chdir() to /home/filmspace_20180517/website;
chdir(): No such file or directory [core/uwsgi.c line 2629]
*** Starting uWSGI 2.0.17 (64bit) on [Thu May 17 17:33:09 2018] ***
compiled with version: 5.4.0 20160609 on 17 May 2018 13:03:13
os: Linux-4.4.0-1052-aws #61-Ubuntu SMP Mon Feb 12 23:05:58 UTC 2018
nodename: ip-172-31-33-186
machine: x86_64
clock source: unix
detected number of CPU cores: 1
current working directory: /home/filmspace_20180517/website
detected binary path: /home/ubuntu/venv/bin/uwsgi
!!! no internal routing support, rebuild with pcre support !!!
uWSGI running as root, you can use --uid/--gid/--chroot options
*** WARNING: you are running uWSGI as root !!! (use the --uid flag) *** 
chdir() to /home/filmspace_20180517/website;
chdir(): No such file or directory [core/uwsgi.c line 2629]
*** Starting uWSGI 2.0.17 (64bit) on [Thu May 17 17:48:01 2018] ***
compiled with version: 5.4.0 20160609 on 17 May 2018 13:03:13
os: Linux-4.4.0-1052-aws #61-Ubuntu SMP Mon Feb 12 23:05:58 UTC 2018
nodename: ip-172-31-33-186
machine: x86_64
clock source: unix
detected number of CPU cores: 1
current working directory: /home/filmspace_20180517/website
writing pidfile to /tmp/uwsgi.pid
detected binary path: /home/ubuntu/venv/bin/uwsgi
!!! no internal routing support, rebuild with pcre support !!!
uWSGI running as root, you can use --uid/--gid/--chroot options
*** WARNING: you are running uWSGI as root !!! (use the --uid flag) *** 
chdir() to /home/filmspace_20180517/website/
your processes number limit is 3900
your memory page size is 4096 bytes
detected max file descriptor number: 1024
lock engine: pthread robust mutexes
thunder lock: disabled (you can enable it with --thunder-lock)
uwsgi socket 0 bound to TCP address 127.0.0.1:8000 fd 6
uWSGI running as root, you can use --uid/--gid/--chroot options
*** WARNING: you are running uWSGI as root !!! (use the --uid flag) *** 
Python version: 3.5.2 (default, Nov 23 2017, 16:37:01)  [GCC 5.4.0 20160609]
*** Python threads support is disabled. You can enable it with --enable-threads ***
Python main interpreter initialized at 0x92c170
uWSGI running as root, you can use --uid/--gid/--chroot options
*** WARNING: you are running uWSGI as root !!! (use the --uid flag) *** 
your server socket listen backlog is limited to 100 connections
your mercy for graceful operations on workers is 60 seconds
mapped 364520 bytes (355 KB) for 4 cores
*** Operational MODE: preforking ***
WSGI app 0 (mountpoint='') ready in 0 seconds on interpreter 0x92c170 pid: 30168 (default app)
uWSGI running as root, you can use --uid/--gid/--chroot options
*** WARNING: you are running uWSGI as root !!! (use the --uid flag) *** 
*** uWSGI is running in multiple interpreter mode ***
spawned uWSGI master process (pid: 30168)
spawned uWSGI worker 1 (pid: 30170, cores: 1)
spawned uWSGI worker 2 (pid: 30171, cores: 1)
spawned uWSGI worker 3 (pid: 30172, cores: 1)
spawned uWSGI worker 4 (pid: 30173, cores: 1)
Invalid HTTP_HOST header: 'www.filmspace.top'. You may need to add 'www.filmspace.top' to ALLOWED_HOSTS.
Invalid HTTP_HOST header: 'www.filmspace.top'. You may need to add 'www.filmspace.top' to ALLOWED_HOSTS.
Invalid HTTP_HOST header: '35.163.0.6:80'. You may need to add '35.163.0.6' to ALLOWED_HOSTS.
Invalid HTTP_HOST header: 'www.filmspace.top'. You may need to add 'www.filmspace.top' to ALLOWED_HOSTS.
Invalid HTTP_HOST header: 'www.filmspace.top'. You may need to add 'www.filmspace.top' to ALLOWED_HOSTS.
Invalid HTTP_HOST header: 'www.filmspace.top'. You may need to add 'www.filmspace.top' to ALLOWED_HOSTS.
Invalid HTTP_HOST header: 'www.filmspace.top'. You may need to add 'www.filmspace.top' to ALLOWED_HOSTS.
*** Starting uWSGI 2.0.17 (64bit) on [Thu May 17 18:00:53 2018] ***
compiled with version: 5.4.0 20160609 on 17 May 2018 13:03:13
os: Linux-4.4.0-1052-aws #61-Ubuntu SMP Mon Feb 12 23:05:58 UTC 2018
nodename: ip-172-31-33-186
machine: x86_64
clock source: unix
detected number of CPU cores: 1
current working directory: /home/filmspace_20180517/website/website
writing pidfile to /tmp/uwsgi.pid
detected binary path: /home/ubuntu/venv/bin/uwsgi
!!! no internal routing support, rebuild with pcre support !!!
uWSGI running as root, you can use --uid/--gid/--chroot options
*** WARNING: you are running uWSGI as root !!! (use the --uid flag) *** 
chdir() to /home/filmspace_20180517/website/
your processes number limit is 3900
your memory page size is 4096 bytes
detected max file descriptor number: 1024
lock engine: pthread robust mutexes
thunder lock: disabled (you can enable it with --thunder-lock)
probably another instance of uWSGI is running on the same address (127.0.0.1:8000).
bind(): Address already in use [core/socket.c line 769]
*** Starting uWSGI 2.0.17 (64bit) on [Thu May 17 18:04:00 2018] ***
compiled with version: 5.4.0 20160609 on 17 May 2018 13:03:13
os: Linux-4.4.0-1052-aws #61-Ubuntu SMP Mon Feb 12 23:05:58 UTC 2018
nodename: ip-172-31-33-186
machine: x86_64
clock source: unix
detected number of CPU cores: 1
current working directory: /home/filmspace_20180517/website
writing pidfile to /tmp/uwsgi.pid
detected binary path: /home/ubuntu/venv/bin/uwsgi
!!! no internal routing support, rebuild with pcre support !!!
uWSGI running as root, you can use --uid/--gid/--chroot options
*** WARNING: you are running uWSGI as root !!! (use the --uid flag) *** 
chdir() to /home/filmspace_20180517/website/
your processes number limit is 3900
your memory page size is 4096 bytes
detected max file descriptor number: 1024
lock engine: pthread robust mutexes
thunder lock: disabled (you can enable it with --thunder-lock)
uwsgi socket 0 bound to TCP address 127.0.0.1:8080 fd 6
uWSGI running as root, you can use --uid/--gid/--chroot options
*** WARNING: you are running uWSGI as root !!! (use the --uid flag) *** 
Python version: 3.5.2 (default, Nov 23 2017, 16:37:01)  [GCC 5.4.0 20160609]
*** Python threads support is disabled. You can enable it with --enable-threads ***
Python main interpreter initialized at 0x248e180
uWSGI running as root, you can use --uid/--gid/--chroot options
*** WARNING: you are running uWSGI as root !!! (use the --uid flag) *** 
your server socket listen backlog is limited to 100 connections
your mercy for graceful operations on workers is 60 seconds
mapped 364520 bytes (355 KB) for 4 cores
*** Operational MODE: preforking ***
WSGI app 0 (mountpoint='') ready in 0 seconds on interpreter 0x248e180 pid: 30324 (default app)
uWSGI running as root, you can use --uid/--gid/--chroot options
*** WARNING: you are running uWSGI as root !!! (use the --uid flag) *** 
*** uWSGI is running in multiple interpreter mode ***
spawned uWSGI master process (pid: 30324)
spawned uWSGI worker 1 (pid: 30326, cores: 1)
spawned uWSGI worker 2 (pid: 30327, cores: 1)
spawned uWSGI worker 3 (pid: 30328, cores: 1)
spawned uWSGI worker 4 (pid: 30329, cores: 1)
Not Found: /filmspace/film/1/
Not Found: /favicon.ico
Not Found: /
Not Found: /
Not Found: /
Not Found: /
Not Found: /
Not Found: /phpmyadmin/
Not Found: /PMA/
Not Found: /dbadmin/
Not Found: /pma/
Not Found: /db/
Not Found: /
Not Found: /
Not Found: /
Not Found: /
Not Found: /
Not Found: /
Not Found: /
Not Found: /wls-wsat/CoordinatorPortType
Not Found: /index.php
Not Found: /phpmyadmin/index.php
Not Found: /phpMyAdmin/index.php
Not Found: /pmd/index.php
Not Found: /pma/index.php
Not Found: /PMA/index.php
Not Found: /PMA2/index.php
Not Found: /pmamy/index.php
Not Found: /pmamy2/index.php
Not Found: /mysql/index.php
Not Found: /admin/index.php
Not Found: /db/index.php
Not Found: /dbadmin/index.php
Not Found: /web/phpMyAdmin/index.php
Not Found: /admin/pma/index.php
Not Found: /admin/PMA/index.php
Not Found: /admin/mysql/index.php
Not Found: /admin/mysql2/index.php
Not Found: /admin/phpmyadmin/index.php
Not Found: /admin/phpMyAdmin/index.php
Not Found: /admin/phpmyadmin2/index.php
Not Found: /mysqladmin/index.php
Not Found: /mysql-admin/index.php
Not Found: /phpadmin/index.php
Not Found: /phpmyadmin0/index.php
Not Found: /phpmyadmin1/index.php
Not Found: /phpmyadmin2/index.php
Not Found: /myadmin/index.php
Not Found: /myadmin2/index.php
Not Found: /xampp/phpmyadmin/index.php
Not Found: /phpMyadmin_bak/index.php
Not Found: /www/phpMyAdmin/index.php
Not Found: /tools/phpMyAdmin/index.php
Not Found: /phpmyadmin-old/index.php
Not Found: /phpMyAdminold/index.php
Not Found: /phpMyAdmin.old/index.php
Not Found: /pma-old/index.php
Not Found: /claroline/phpMyAdmin/index.php
Not Found: /typo3/phpmyadmin/index.php
Not Found: /phpma/index.php
Not Found: /phpmyadmin/phpmyadmin/index.php
Not Found: /phpMyAdmin/phpMyAdmin/index.php
Not Found: /
Not Found: /
Not Found: /
Not Found: /
Not Found: /
Not Found: /favicon.ico
Not Found: /
Not Found: /
Not Found: /
Not Found: /
Not Found: /
Not Found: /
Not Found: /
Not Found: /GponForm/diag_Form
Not Found: /
Not Found: /
Not Found: /
Not Found: /
Not Found: /
Not Found: /
Not Found: /
Not Found: /http:/www.filmspace.top/
Not Found: /
Not Found: /
Not Found: /http:/www.filmspace.top/
Not Found: /
Not Found: /
Not Found: /http:/www.filmspace.top/
Not Found: /
Not Found: /
Not Found: /http:/www.filmspace.top/
Not Found: /
Not Found: /
Not Found: /http:/www.filmspace.top/
Not Found: /
Not Found: /http:/www.filmspace.top/
Not Found: /
Not Found: /http:/www.filmspace.top/
Not Found: /
Not Found: /
Not Found: /
Not Found: /
Not Found: /
Not Found: /ubus
Not Found: /
Not Found: /
Not Found: /
Not Found: /
Not Found: /
Not Found: /
Not Found: /
Not Found: /wls-wsat/CoordinatorPortType
Not Found: /index.php
Not Found: /phpmyadmin/index.php
Not Found: /phpMyAdmin/index.php
Not Found: /pmd/index.php
Not Found: /pma/index.php
Not Found: /PMA/index.php
Not Found: /PMA2/index.php
Not Found: /pmamy/index.php
Not Found: /pmamy2/index.php
Not Found: /mysql/index.php
Not Found: /admin/index.php
Not Found: /db/index.php
Not Found: /dbadmin/index.php
Not Found: /web/phpMyAdmin/index.php
Not Found: /admin/pma/index.php
Not Found: /admin/PMA/index.php
Not Found: /admin/mysql/index.php
Not Found: /admin/mysql2/index.php
Not Found: /admin/phpmyadmin/index.php
Not Found: /admin/phpMyAdmin/index.php
Not Found: /admin/phpmyadmin2/index.php
Not Found: /mysqladmin/index.php
Not Found: /mysql-admin/index.php
Not Found: /phpadmin/index.php
Not Found: /phpmyadmin0/index.php
Not Found: /phpmyadmin1/index.php
Not Found: /phpmyadmin2/index.php
Not Found: /myadmin/index.php
Not Found: /myadmin2/index.php
Not Found: /xampp/phpmyadmin/index.php
Not Found: /phpMyadmin_bak/index.php
Not Found: /www/phpMyAdmin/index.php
Not Found: /tools/phpMyAdmin/index.php
Not Found: /phpmyadmin-old/index.php
Not Found: /phpMyAdminold/index.php
Not Found: /pma-old/index.php
Not Found: /claroline/phpMyAdmin/index.php
Not Found: /typo3/phpmyadmin/index.php
Not Found: /phpma/index.php
Not Found: /phpmyadmin/phpmyadmin/index.php
Not Found: /phpMyAdmin/phpMyAdmin/index.php
Not Found: /
Not Found: /
Not Found: /http:/www.filmspace.top/
Not Found: /
Not Found: /
Not Found: /
Not Found: /
Not Found: /
Not Found: /http:/www.filmspace.top/
Not Found: /
Not Found: /
Not Found: /
Not Found: /
Not Found: /
Not Found: /
Not Found: /
Not Found: /
Not Found: /favicon.ico
Not Found: /
Not Found: /http:/www.filmspace.top/
Not Found: /
Not Found: /wls-wsat/CoordinatorPortType
Not Found: /index.php
Not Found: /phpmyadmin/index.php
Not Found: /phpMyAdmin/index.php
Not Found: /pmd/index.php
Not Found: /pma/index.php
Not Found: /PMA/index.php
Not Found: /PMA2/index.php
Not Found: /pmamy/index.php
Not Found: /pmamy2/index.php
Not Found: /mysql/index.php
Not Found: /admin/index.php
Not Found: /db/index.php
Not Found: /dbadmin/index.php
Not Found: /web/phpMyAdmin/index.php
Not Found: /admin/pma/index.php
Not Found: /admin/PMA/index.php
Not Found: /admin/mysql/index.php
Not Found: /admin/mysql2/index.php
Not Found: /admin/phpmyadmin/index.php
Not Found: /admin/phpMyAdmin/index.php
Not Found: /admin/phpmyadmin2/index.php
Not Found: /mysqladmin/index.php
Not Found: /mysql-admin/index.php
Not Found: /phpadmin/index.php
Not Found: /phpmyadmin0/index.php
Not Found: /phpmyadmin1/index.php
Not Found: /phpmyadmin2/index.php
Not Found: /myadmin/index.php
Not Found: /myadmin2/index.php
Not Found: /xampp/phpmyadmin/index.php
Not Found: /phpMyadmin_bak/index.php
Not Found: /www/phpMyAdmin/index.php
Not Found: /tools/phpMyAdmin/index.php
Not Found: /phpmyadmin-old/index.php
Not Found: /phpMyAdminold/index.php
Not Found: /phpMyAdmin.old/index.php
Not Found: /pma-old/index.php
Not Found: /claroline/phpMyAdmin/index.php
Not Found: /typo3/phpmyadmin/index.php
Not Found: /phpma/index.php
Not Found: /phpmyadmin/phpmyadmin/index.php
Not Found: /phpMyAdmin/phpMyAdmin/index.php
Not Found: /
Not Found: /
Not Found: /
Not Found: /
Not Found: /
Not Found: /http:/www.filmspace.top/
Not Found: /
Not Found: /
Not Found: /
Not Found: /
Not Found: /
Not Found: /
Not Found: /
Not Found: /
Not Found: /
Not Found: /index.action
Not Found: /
Not Found: /http:/www.filmspace.top/
Not Found: /
Not Found: /
Not Found: /GponForm/diag_Form
Not Found: /
Not Found: /favicon.ico
Not Found: /
Not Found: /
Not Found: /
Not Found: /
Internal Server Error: /filmspace/film/1/
Traceback (most recent call last):
  File "/home/ubuntu/venv/lib/python3.5/site-packages/django/core/handlers/exception.py", line 35, in inner
    response = get_response(request)
  File "/home/ubuntu/venv/lib/python3.5/site-packages/django/core/handlers/base.py", line 128, in _get_response
    response = self.process_exception_by_middleware(e, request)
  File "/home/ubuntu/venv/lib/python3.5/site-packages/django/core/handlers/base.py", line 126, in _get_response
    response = wrapped_callback(request, *callback_args, **callback_kwargs)
  File "./filmspace/views.py", line 14, in getfilminfo
  File "/home/ubuntu/venv/lib/python3.5/site-packages/django/shortcuts.py", line 36, in render
    content = loader.render_to_string(template_name, context, request, using=using)
  File "/home/ubuntu/venv/lib/python3.5/site-packages/django/template/loader.py", line 61, in render_to_string
    template = get_template(template_name, using=using)
  File "/home/ubuntu/venv/lib/python3.5/site-packages/django/template/loader.py", line 19, in get_template
    raise TemplateDoesNotExist(template_name, chain=chain)
django.template.exceptions.TemplateDoesNotExist: filmspace/test.html
Internal Server Error: /filmspace/film/1/
Traceback (most recent call last):
  File "/home/ubuntu/venv/lib/python3.5/site-packages/django/core/handlers/exception.py", line 35, in inner
    response = get_response(request)
  File "/home/ubuntu/venv/lib/python3.5/site-packages/django/core/handlers/base.py", line 128, in _get_response
    response = self.process_exception_by_middleware(e, request)
  File "/home/ubuntu/venv/lib/python3.5/site-packages/django/core/handlers/base.py", line 126, in _get_response
    response = wrapped_callback(request, *callback_args, **callback_kwargs)
  File "./filmspace/views.py", line 14, in getfilminfo
  File "/home/ubuntu/venv/lib/python3.5/site-packages/django/shortcuts.py", line 36, in render
    content = loader.render_to_string(template_name, context, request, using=using)
  File "/home/ubuntu/venv/lib/python3.5/site-packages/django/template/loader.py", line 61, in render_to_string
    template = get_template(template_name, using=using)
  File "/home/ubuntu/venv/lib/python3.5/site-packages/django/template/loader.py", line 19, in get_template
    raise TemplateDoesNotExist(template_name, chain=chain)
django.template.exceptions.TemplateDoesNotExist: filmspace/test.html
Internal Server Error: /filmspace/film/1/
Traceback (most recent call last):
  File "/home/ubuntu/venv/lib/python3.5/site-packages/django/core/handlers/exception.py", line 35, in inner
    response = get_response(request)
  File "/home/ubuntu/venv/lib/python3.5/site-packages/django/core/handlers/base.py", line 128, in _get_response
    response = self.process_exception_by_middleware(e, request)
  File "/home/ubuntu/venv/lib/python3.5/site-packages/django/core/handlers/base.py", line 126, in _get_response
    response = wrapped_callback(request, *callback_args, **callback_kwargs)
  File "./filmspace/views.py", line 14, in getfilminfo
  File "/home/ubuntu/venv/lib/python3.5/site-packages/django/shortcuts.py", line 36, in render
    content = loader.render_to_string(template_name, context, request, using=using)
  File "/home/ubuntu/venv/lib/python3.5/site-packages/django/template/loader.py", line 61, in render_to_string
    template = get_template(template_name, using=using)
  File "/home/ubuntu/venv/lib/python3.5/site-packages/django/template/loader.py", line 19, in get_template
    raise TemplateDoesNotExist(template_name, chain=chain)
django.template.exceptions.TemplateDoesNotExist: filmspace/test.html
Not Found: /
*** Starting uWSGI 2.0.17 (64bit) on [Sat May 19 09:15:39 2018] ***
compiled with version: 5.4.0 20160609 on 17 May 2018 13:03:13
os: Linux-4.4.0-1052-aws #61-Ubuntu SMP Mon Feb 12 23:05:58 UTC 2018
nodename: ip-172-31-33-186
machine: x86_64
clock source: unix
detected number of CPU cores: 1
current working directory: /home/filmspace_20180517/website
writing pidfile to /tmp/uwsgi.pid
detected binary path: /home/ubuntu/venv/bin/uwsgi
!!! no internal routing support, rebuild with pcre support !!!
uWSGI running as root, you can use --uid/--gid/--chroot options
*** WARNING: you are running uWSGI as root !!! (use the --uid flag) *** 
chdir() to /home/filmspace_20180517/website/
your processes number limit is 3900
your memory page size is 4096 bytes
detected max file descriptor number: 1024
lock engine: pthread robust mutexes
thunder lock: disabled (you can enable it with --thunder-lock)
probably another instance of uWSGI is running on the same address (127.0.0.1:8080).
bind(): Address already in use [core/socket.c line 769]
Not Found: /
Not Found: /
Not Found: /
Not Found: /
Not Found: /
Not Found: /
*** Starting uWSGI 2.0.17 (64bit) on [Sat May 19 09:29:19 2018] ***
compiled with version: 5.4.0 20160609 on 17 May 2018 13:03:13
os: Linux-4.4.0-1052-aws #61-Ubuntu SMP Mon Feb 12 23:05:58 UTC 2018
nodename: ip-172-31-33-186
machine: x86_64
clock source: unix
detected number of CPU cores: 1
current working directory: /home/filmspace_20180517/website
writing pidfile to /tmp/uwsgi.pid
detected binary path: /home/ubuntu/venv/bin/uwsgi
!!! no internal routing support, rebuild with pcre support !!!
uWSGI running as root, you can use --uid/--gid/--chroot options
*** WARNING: you are running uWSGI as root !!! (use the --uid flag) *** 
chdir() to /home/filmspace_20180517/website/
your processes number limit is 3900
your memory page size is 4096 bytes
detected max file descriptor number: 1024
lock engine: pthread robust mutexes
thunder lock: disabled (you can enable it with --thunder-lock)
probably another instance of uWSGI is running on the same address (127.0.0.1:8080).
bind(): Address already in use [core/socket.c line 769]
Not Found: /
Not Found: /
DAMN ! worker 1 (pid: 30326) died, killed by signal 9 :( trying respawn ...
Respawned uWSGI worker 1 (new pid: 2495)
DAMN ! worker 2 (pid: 30327) died, killed by signal 9 :( trying respawn ...
Respawned uWSGI worker 2 (new pid: 2496)
DAMN ! worker 3 (pid: 30328) died, killed by signal 9 :( trying respawn ...
Respawned uWSGI worker 3 (new pid: 2497)
DAMN ! worker 4 (pid: 30329) died, killed by signal 9 :( trying respawn ...
Respawned uWSGI worker 4 (new pid: 2498)
DAMN ! worker 1 (pid: 2495) died, killed by signal 9 :( trying respawn ...
Respawned uWSGI worker 1 (new pid: 2501)
DAMN ! worker 2 (pid: 2496) died, killed by signal 9 :( trying respawn ...
Respawned uWSGI worker 2 (new pid: 2502)
DAMN ! worker 3 (pid: 2497) died, killed by signal 9 :( trying respawn ...
Respawned uWSGI worker 3 (new pid: 2503)
DAMN ! worker 4 (pid: 2498) died, killed by signal 9 :( trying respawn ...
Respawned uWSGI worker 4 (new pid: 2504)
*** Starting uWSGI 2.0.17 (64bit) on [Sat May 19 09:35:59 2018] ***
compiled with version: 5.4.0 20160609 on 17 May 2018 13:03:13
os: Linux-4.4.0-1052-aws #61-Ubuntu SMP Mon Feb 12 23:05:58 UTC 2018
nodename: ip-172-31-33-186
machine: x86_64
clock source: unix
detected number of CPU cores: 1
current working directory: /home/filmspace_20180517/website
writing pidfile to /tmp/uwsgi.pid
detected binary path: /home/ubuntu/venv/bin/uwsgi
!!! no internal routing support, rebuild with pcre support !!!
uWSGI running as root, you can use --uid/--gid/--chroot options
*** WARNING: you are running uWSGI as root !!! (use the --uid flag) *** 
chdir() to /home/filmspace_20180517/website/
your processes number limit is 3900
your memory page size is 4096 bytes
detected max file descriptor number: 1024
lock engine: pthread robust mutexes
thunder lock: disabled (you can enable it with --thunder-lock)
uwsgi socket 0 bound to TCP address 127.0.0.1:8080 fd 6
uWSGI running as root, you can use --uid/--gid/--chroot options
*** WARNING: you are running uWSGI as root !!! (use the --uid flag) *** 
Python version: 3.5.2 (default, Nov 23 2017, 16:37:01)  [GCC 5.4.0 20160609]
*** Python threads support is disabled. You can enable it with --enable-threads ***
Python main interpreter initialized at 0x2184180
uWSGI running as root, you can use --uid/--gid/--chroot options
*** WARNING: you are running uWSGI as root !!! (use the --uid flag) *** 
your server socket listen backlog is limited to 100 connections
your mercy for graceful operations on workers is 60 seconds
mapped 364520 bytes (355 KB) for 4 cores
*** Operational MODE: preforking ***
WSGI app 0 (mountpoint='') ready in 0 seconds on interpreter 0x2184180 pid: 2519 (default app)
uWSGI running as root, you can use --uid/--gid/--chroot options
*** WARNING: you are running uWSGI as root !!! (use the --uid flag) *** 
*** uWSGI is running in multiple interpreter mode ***
spawned uWSGI master process (pid: 2519)
spawned uWSGI worker 1 (pid: 2521, cores: 1)
spawned uWSGI worker 2 (pid: 2522, cores: 1)
spawned uWSGI worker 3 (pid: 2523, cores: 1)
spawned uWSGI worker 4 (pid: 2524, cores: 1)
*** Starting uWSGI 2.0.17 (64bit) on [Sat May 19 09:56:26 2018] ***
compiled with version: 5.4.0 20160609 on 17 May 2018 13:03:13
os: Linux-4.4.0-1052-aws #61-Ubuntu SMP Mon Feb 12 23:05:58 UTC 2018
nodename: ip-172-31-33-186
machine: x86_64
clock source: unix
detected number of CPU cores: 1
current working directory: /home/filmspace_20180517/website
writing pidfile to /tmp/uwsgi.pid
detected binary path: /home/ubuntu/venv/bin/uwsgi
!!! no internal routing support, rebuild with pcre support !!!
uWSGI running as root, you can use --uid/--gid/--chroot options
*** WARNING: you are running uWSGI as root !!! (use the --uid flag) *** 
chdir() to /home/filmspace_20180517/website/
your processes number limit is 3900
your memory page size is 4096 bytes
detected max file descriptor number: 1024
lock engine: pthread robust mutexes
thunder lock: disabled (you can enable it with --thunder-lock)
uwsgi socket 0 bound to TCP address 127.0.0.1:8080 fd 6
uWSGI running as root, you can use --uid/--gid/--chroot options
*** WARNING: you are running uWSGI as root !!! (use the --uid flag) *** 
Python version: 3.5.2 (default, Nov 23 2017, 16:37:01)  [GCC 5.4.0 20160609]
*** Python threads support is disabled. You can enable it with --enable-threads ***
Python main interpreter initialized at 0xe0e160
uWSGI running as root, you can use --uid/--gid/--chroot options
*** WARNING: you are running uWSGI as root !!! (use the --uid flag) *** 
your server socket listen backlog is limited to 100 connections
your mercy for graceful operations on workers is 60 seconds
mapped 364520 bytes (355 KB) for 4 cores
*** Operational MODE: preforking ***
WSGI app 0 (mountpoint='') ready in 0 seconds on interpreter 0xe0e160 pid: 3083 (default app)
uWSGI running as root, you can use --uid/--gid/--chroot options
*** WARNING: you are running uWSGI as root !!! (use the --uid flag) *** 
*** uWSGI is running in multiple interpreter mode ***
spawned uWSGI master process (pid: 3083)
spawned uWSGI worker 1 (pid: 3085, cores: 1)
spawned uWSGI worker 2 (pid: 3086, cores: 1)
spawned uWSGI worker 3 (pid: 3087, cores: 1)
spawned uWSGI worker 4 (pid: 3088, cores: 1)
*** Starting uWSGI 2.0.17 (64bit) on [Sat May 19 09:59:46 2018] ***
compiled with version: 5.4.0 20160609 on 17 May 2018 13:03:13
os: Linux-4.4.0-1052-aws #61-Ubuntu SMP Mon Feb 12 23:05:58 UTC 2018
nodename: ip-172-31-33-186
machine: x86_64
clock source: unix
detected number of CPU cores: 1
current working directory: /home/filmspace_20180517/website
writing pidfile to /tmp/uwsgi.pid
detected binary path: /home/ubuntu/venv/bin/uwsgi
!!! no internal routing support, rebuild with pcre support !!!
uWSGI running as root, you can use --uid/--gid/--chroot options
*** WARNING: you are running uWSGI as root !!! (use the --uid flag) *** 
chdir() to /home/filmspace_20180517/website/
your processes number limit is 3900
your memory page size is 4096 bytes
detected max file descriptor number: 1024
lock engine: pthread robust mutexes
thunder lock: disabled (you can enable it with --thunder-lock)
uwsgi socket 0 bound to TCP address 127.0.0.1:8080 fd 6
uWSGI running as root, you can use --uid/--gid/--chroot options
*** WARNING: you are running uWSGI as root !!! (use the --uid flag) *** 
Python version: 3.5.2 (default, Nov 23 2017, 16:37:01)  [GCC 5.4.0 20160609]
*** Python threads support is disabled. You can enable it with --enable-threads ***
Python main interpreter initialized at 0x1f6b180
uWSGI running as root, you can use --uid/--gid/--chroot options
*** WARNING: you are running uWSGI as root !!! (use the --uid flag) *** 
your server socket listen backlog is limited to 100 connections
your mercy for graceful operations on workers is 60 seconds
mapped 364520 bytes (355 KB) for 4 cores
*** Operational MODE: preforking ***
WSGI app 0 (mountpoint='') ready in 1 seconds on interpreter 0x1f6b180 pid: 3139 (default app)
uWSGI running as root, you can use --uid/--gid/--chroot options
*** WARNING: you are running uWSGI as root !!! (use the --uid flag) *** 
*** uWSGI is running in multiple interpreter mode ***
spawned uWSGI master process (pid: 3139)
spawned uWSGI worker 1 (pid: 3141, cores: 1)
spawned uWSGI worker 2 (pid: 3142, cores: 1)
spawned uWSGI worker 3 (pid: 3143, cores: 1)
spawned uWSGI worker 4 (pid: 3144, cores: 1)
Not Found: /
Not Found: /clientaccesspolicy.xml
Not Found: /favicon.ico
Not Found: /robots.txt
Not Found: /robots.txt
Not Found: /sitemap.xml
Not Found: /ads.txt
Forbidden (CSRF cookie not set.): /
Not Found: /wls-wsat/CoordinatorPortType
Not Found: /index.php
Not Found: /phpmyadmin/index.php
Not Found: /phpMyAdmin/index.php
Not Found: /pmd/index.php
Not Found: /pma/index.php
Not Found: /PMA/index.php
Not Found: /PMA2/index.php
Not Found: /pmamy/index.php
Not Found: /pmamy2/index.php
Not Found: /mysql/index.php
Not Found: /admin/index.php
Not Found: /dbadmin/index.php
Not Found: /web/phpMyAdmin/index.php
Not Found: /admin/pma/index.php
Not Found: /admin/PMA/index.php
Not Found: /admin/mysql/index.php
Not Found: /admin/mysql2/index.php
Not Found: /admin/phpmyadmin/index.php
Not Found: /admin/phpMyAdmin/index.php
Not Found: /admin/phpmyadmin2/index.php
Not Found: /mysqladmin/index.php
Not Found: /mysql-admin/index.php
Not Found: /phpadmin/index.php
Not Found: /phpmyadmin0/index.php
Not Found: /phpmyadmin1/index.php
Not Found: /phpmyadmin2/index.php
Not Found: /myadmin/index.php
Not Found: /myadmin2/index.php
Not Found: /xampp/phpmyadmin/index.php
Not Found: /phpMyadmin_bak/index.php
Not Found: /www/phpMyAdmin/index.php
Not Found: /phpmyadmin-old/index.php
Not Found: /phpMyAdminold/index.php
Not Found: /phpMyAdmin.old/index.php
Not Found: /pma-old/index.php
Not Found: /claroline/phpMyAdmin/index.php
Not Found: /typo3/phpmyadmin/index.php
Not Found: /phpma/index.php
Not Found: /phpmyadmin/phpmyadmin/index.php
Not Found: /phpMyAdmin/phpMyAdmin/index.php
Not Found: /GponForm/diag_Form
Not Found: /robots.txt
Forbidden (CSRF cookie not set.): /
Not Found: /wls-wsat/CoordinatorPortType
Not Found: /index.php
Not Found: /phpmyadmin/index.php
Not Found: /phpMyAdmin/index.php
Not Found: /pmd/index.php
Not Found: /pma/index.php
Not Found: /PMA/index.php
Not Found: /PMA2/index.php
Not Found: /pmamy/index.php
Not Found: /pmamy2/index.php
Not Found: /mysql/index.php
Not Found: /admin/index.php
Not Found: /db/index.php
Not Found: /dbadmin/index.php
Not Found: /web/phpMyAdmin/index.php
Not Found: /admin/pma/index.php
Not Found: /admin/PMA/index.php
Not Found: /admin/mysql/index.php
Not Found: /admin/mysql2/index.php
Not Found: /admin/phpmyadmin/index.php
Not Found: /admin/phpMyAdmin/index.php
Not Found: /admin/phpmyadmin2/index.php
Not Found: /mysqladmin/index.php
Not Found: /mysql-admin/index.php
Not Found: /phpadmin/index.php
Not Found: /phpmyadmin0/index.php
Not Found: /phpmyadmin1/index.php
Not Found: /phpmyadmin2/index.php
Not Found: /myadmin/index.php
Not Found: /myadmin2/index.php
Not Found: /phpMyadmin_bak/index.php
Not Found: /www/phpMyAdmin/index.php
Not Found: /tools/phpMyAdmin/index.php
Not Found: /phpmyadmin-old/index.php
Not Found: /phpMyAdminold/index.php
Not Found: /phpMyAdmin.old/index.php
Not Found: /pma-old/index.php
Not Found: /claroline/phpMyAdmin/index.php
Not Found: /typo3/phpmyadmin/index.php
Not Found: /phpma/index.php
Not Found: /phpmyadmin/phpmyadmin/index.php
Not Found: /phpMyAdmin/phpMyAdmin/index.php
Not Found: /index.action
Not Found: /manager/html
Not Found: /manager/html
Not Found: /favicon.ico
Internal Server Error: /admin/filmspace/articles/2/change/
Traceback (most recent call last):
  File "/home/ubuntu/venv/lib/python3.5/site-packages/django/db/backends/utils.py", line 85, in _execute
    return self.cursor.execute(sql, params)
  File "/home/ubuntu/venv/lib/python3.5/site-packages/django/db/backends/mysql/base.py", line 71, in execute
    return self.cursor.execute(query, args)
  File "/home/ubuntu/venv/lib/python3.5/site-packages/pymysql/cursors.py", line 170, in execute
    result = self._query(query)
  File "/home/ubuntu/venv/lib/python3.5/site-packages/pymysql/cursors.py", line 328, in _query
    conn.query(q)
  File "/home/ubuntu/venv/lib/python3.5/site-packages/pymysql/connections.py", line 893, in query
    self._affected_rows = self._read_query_result(unbuffered=unbuffered)
  File "/home/ubuntu/venv/lib/python3.5/site-packages/pymysql/connections.py", line 1103, in _read_query_result
    result.read()
  File "/home/ubuntu/venv/lib/python3.5/site-packages/pymysql/connections.py", line 1396, in read
    first_packet = self.connection._read_packet()
  File "/home/ubuntu/venv/lib/python3.5/site-packages/pymysql/connections.py", line 1059, in _read_packet
    packet.check_error()
  File "/home/ubuntu/venv/lib/python3.5/site-packages/pymysql/connections.py", line 384, in check_error
    err.raise_mysql_exception(self._data)
  File "/home/ubuntu/venv/lib/python3.5/site-packages/pymysql/err.py", line 109, in raise_mysql_exception
    raise errorclass(errno, errval)
pymysql.err.InternalError: (1366, "Incorrect string value: '\\xE5\\xA4\\x8D\\xE4\\xBB\\x87...' for column 'Title' at row 1")

The above exception was the direct cause of the following exception:

Traceback (most recent call last):
  File "/home/ubuntu/venv/lib/python3.5/site-packages/django/core/handlers/exception.py", line 35, in inner
    response = get_response(request)
  File "/home/ubuntu/venv/lib/python3.5/site-packages/django/core/handlers/base.py", line 128, in _get_response
    response = self.process_exception_by_middleware(e, request)
  File "/home/ubuntu/venv/lib/python3.5/site-packages/django/core/handlers/base.py", line 126, in _get_response
    response = wrapped_callback(request, *callback_args, **callback_kwargs)
  File "/home/ubuntu/venv/lib/python3.5/site-packages/django/contrib/admin/options.py", line 574, in wrapper
    return self.admin_site.admin_view(view)(*args, **kwargs)
  File "/home/ubuntu/venv/lib/python3.5/site-packages/django/utils/decorators.py", line 142, in _wrapped_view
    response = view_func(request, *args, **kwargs)
  File "/home/ubuntu/venv/lib/python3.5/site-packages/django/views/decorators/cache.py", line 44, in _wrapped_view_func
    response = view_func(request, *args, **kwargs)
  File "/home/ubuntu/venv/lib/python3.5/site-packages/django/contrib/admin/sites.py", line 223, in inner
    return view(request, *args, **kwargs)
  File "/home/ubuntu/venv/lib/python3.5/site-packages/django/contrib/admin/options.py", line 1556, in change_view
    return self.changeform_view(request, object_id, form_url, extra_context)
  File "/home/ubuntu/venv/lib/python3.5/site-packages/django/utils/decorators.py", line 62, in _wrapper
    return bound_func(*args, **kwargs)
  File "/home/ubuntu/venv/lib/python3.5/site-packages/django/utils/decorators.py", line 142, in _wrapped_view
    response = view_func(request, *args, **kwargs)
  File "/home/ubuntu/venv/lib/python3.5/site-packages/django/utils/decorators.py", line 58, in bound_func
    return func.__get__(self, type(self))(*args2, **kwargs2)
  File "/home/ubuntu/venv/lib/python3.5/site-packages/django/contrib/admin/options.py", line 1450, in changeform_view
    return self._changeform_view(request, object_id, form_url, extra_context)
  File "/home/ubuntu/venv/lib/python3.5/site-packages/django/contrib/admin/options.py", line 1490, in _changeform_view
    self.save_model(request, new_object, form, not add)
  File "/home/ubuntu/venv/lib/python3.5/site-packages/django/contrib/admin/options.py", line 1026, in save_model
    obj.save()
  File "/home/ubuntu/venv/lib/python3.5/site-packages/django/db/models/base.py", line 729, in save
    force_update=force_update, update_fields=update_fields)
  File "/home/ubuntu/venv/lib/python3.5/site-packages/django/db/models/base.py", line 759, in save_base
    updated = self._save_table(raw, cls, force_insert, force_update, using, update_fields)
  File "/home/ubuntu/venv/lib/python3.5/site-packages/django/db/models/base.py", line 823, in _save_table
    forced_update)
  File "/home/ubuntu/venv/lib/python3.5/site-packages/django/db/models/base.py", line 872, in _do_update
    return filtered._update(values) > 0
  File "/home/ubuntu/venv/lib/python3.5/site-packages/django/db/models/query.py", line 709, in _update
    return query.get_compiler(self.db).execute_sql(CURSOR)
  File "/home/ubuntu/venv/lib/python3.5/site-packages/django/db/models/sql/compiler.py", line 1375, in execute_sql
    cursor = super().execute_sql(result_type)
  File "/home/ubuntu/venv/lib/python3.5/site-packages/django/db/models/sql/compiler.py", line 1064, in execute_sql
    cursor.execute(sql, params)
  File "/home/ubuntu/venv/lib/python3.5/site-packages/django/db/backends/utils.py", line 100, in execute
    return super().execute(sql, params)
  File "/home/ubuntu/venv/lib/python3.5/site-packages/django/db/backends/utils.py", line 68, in execute
    return self._execute_with_wrappers(sql, params, many=False, executor=self._execute)
  File "/home/ubuntu/venv/lib/python3.5/site-packages/django/db/backends/utils.py", line 77, in _execute_with_wrappers
    return executor(sql, params, many, context)
  File "/home/ubuntu/venv/lib/python3.5/site-packages/django/db/backends/utils.py", line 85, in _execute
    return self.cursor.execute(sql, params)
  File "/home/ubuntu/venv/lib/python3.5/site-packages/django/db/utils.py", line 89, in __exit__
    raise dj_exc_value.with_traceback(traceback) from exc_value
  File "/home/ubuntu/venv/lib/python3.5/site-packages/django/db/backends/utils.py", line 85, in _execute
    return self.cursor.execute(sql, params)
  File "/home/ubuntu/venv/lib/python3.5/site-packages/django/db/backends/mysql/base.py", line 71, in execute
    return self.cursor.execute(query, args)
  File "/home/ubuntu/venv/lib/python3.5/site-packages/pymysql/cursors.py", line 170, in execute
    result = self._query(query)
  File "/home/ubuntu/venv/lib/python3.5/site-packages/pymysql/cursors.py", line 328, in _query
    conn.query(q)
  File "/home/ubuntu/venv/lib/python3.5/site-packages/pymysql/connections.py", line 893, in query
    self._affected_rows = self._read_query_result(unbuffered=unbuffered)
  File "/home/ubuntu/venv/lib/python3.5/site-packages/pymysql/connections.py", line 1103, in _read_query_result
    result.read()
  File "/home/ubuntu/venv/lib/python3.5/site-packages/pymysql/connections.py", line 1396, in read
    first_packet = self.connection._read_packet()
  File "/home/ubuntu/venv/lib/python3.5/site-packages/pymysql/connections.py", line 1059, in _read_packet
    packet.check_error()
  File "/home/ubuntu/venv/lib/python3.5/site-packages/pymysql/connections.py", line 384, in check_error
    err.raise_mysql_exception(self._data)
  File "/home/ubuntu/venv/lib/python3.5/site-packages/pymysql/err.py", line 109, in raise_mysql_exception
    raise errorclass(errno, errval)
django.db.utils.InternalError: (1366, "Incorrect string value: '\\xE5\\xA4\\x8D\\xE4\\xBB\\x87...' for column 'Title' at row 1")
Not Found: /
Not Found: /
Not Found: /ccvv
Not Found: /sftp-config.json
Not Found: /.ftpconfig
Not Found: /.remote-sync.json
Not Found: /.vscode/ftp-sync.json
Not Found: /.vscode/sftp.json
Not Found: /deployment-config.json
Not Found: /ftpsync.settings
Not Found: /WS_FTP.ini
Not Found: /ws_ftp.ini
Not Found: /WS_FTP.INI
Not Found: /filezilla.xml
Not Found: /sitemanager.xml
Not Found: /FileZilla.xml
Not Found: /winscp.ini
Not Found: /WinSCP.ini
Not Found: /id_rsa
Not Found: /id_dsa
Not Found: /.ssh/id_rsa
Not Found: /.ssh/id_dsa
Not Found: /.ssh/id_ecdsa
Not Found: /.ssh/id_ed25519
Not Found: /.idea/WebServers.xml
Forbidden (CSRF cookie not set.): /
Not Found: /wls-wsat/CoordinatorPortType
Not Found: /index.php
Not Found: /phpmyadmin/index.php
Not Found: /phpMyAdmin/index.php
Not Found: /pmd/index.php
Not Found: /pma/index.php
Not Found: /PMA/index.php
Not Found: /PMA2/index.php
Not Found: /pmamy/index.php
Not Found: /pmamy2/index.php
Not Found: /mysql/index.php
Not Found: /admin/index.php
Not Found: /db/index.php
Not Found: /dbadmin/index.php
Not Found: /web/phpMyAdmin/index.php
Not Found: /admin/pma/index.php
Not Found: /admin/PMA/index.php
Not Found: /admin/mysql/index.php
Not Found: /admin/mysql2/index.php
Not Found: /admin/phpmyadmin/index.php
Not Found: /admin/phpMyAdmin/index.php
Not Found: /admin/phpmyadmin2/index.php
Not Found: /mysqladmin/index.php
Not Found: /mysql-admin/index.php
Not Found: /phpadmin/index.php
Not Found: /phpmyadmin0/index.php
Not Found: /phpmyadmin1/index.php
Not Found: /phpmyadmin2/index.php
Not Found: /phpmyadmin-old/index.php
Not Found: /phpMyAdminold/index.php
Not Found: /phpMyAdmin.old/index.php
Not Found: /pma-old/index.php
Not Found: /claroline/phpMyAdmin/index.php
Not Found: /typo3/phpmyadmin/index.php
Not Found: /phpma/index.php
Not Found: /phpmyadmin/phpmyadmin/index.php
Not Found: /phpMyAdmin/phpMyAdmin/index.php
Not Found: /robots.txt
Not Found: /favicon.ico
Forbidden (CSRF cookie not set.): /
Not Found: /wls-wsat/CoordinatorPortType
Not Found: /index.php
Not Found: /phpmyadmin/index.php
Not Found: /phpMyAdmin/index.php
Not Found: /pmd/index.php
Not Found: /pma/index.php
Not Found: /PMA/index.php
Not Found: /PMA2/index.php
Not Found: /pmamy/index.php
Not Found: /pmamy2/index.php
Not Found: /mysql/index.php
Not Found: /admin/index.php
Not Found: /db/index.php
Not Found: /dbadmin/index.php
Not Found: /web/phpMyAdmin/index.php
Not Found: /admin/pma/index.php
Not Found: /admin/PMA/index.php
Not Found: /admin/mysql/index.php
Not Found: /admin/mysql2/index.php
Not Found: /admin/phpmyadmin/index.php
Not Found: /admin/phpMyAdmin/index.php
Not Found: /admin/phpmyadmin2/index.php
Not Found: /mysqladmin/index.php
Not Found: /mysql-admin/index.php
Not Found: /phpadmin/index.php
Not Found: /phpmyadmin0/index.php
Not Found: /phpmyadmin1/index.php
Not Found: /phpmyadmin2/index.php
Not Found: /myadmin/index.php
Not Found: /myadmin2/index.php
Not Found: /xampp/phpmyadmin/index.php
Not Found: /phpMyadmin_bak/index.php
Not Found: /www/phpMyAdmin/index.php
Not Found: /tools/phpMyAdmin/index.php
Not Found: /phpmyadmin-old/index.php
Not Found: /phpMyAdminold/index.php
Not Found: /pma-old/index.php
Not Found: /claroline/phpMyAdmin/index.php
Not Found: /typo3/phpmyadmin/index.php
Not Found: /phpma/index.php
Not Found: /phpmyadmin/phpmyadmin/index.php
Not Found: /phpMyAdmin/phpMyAdmin/index.php
Forbidden (CSRF cookie not set.): /
Not Found: /wls-wsat/CoordinatorPortType
Not Found: /index.php
Not Found: /phpMyAdmin/index.php
Not Found: /pmd/index.php
Not Found: /pma/index.php
Not Found: /PMA/index.php
Not Found: /PMA2/index.php
Not Found: /pmamy/index.php
Not Found: /pmamy2/index.php
Not Found: /mysql/index.php
Not Found: /admin/index.php
Not Found: /db/index.php
Not Found: /dbadmin/index.php
Not Found: /web/phpMyAdmin/index.php
Not Found: /admin/pma/index.php
Not Found: /admin/PMA/index.php
Not Found: /admin/mysql/index.php
Not Found: /admin/phpmyadmin/index.php
Not Found: /admin/phpMyAdmin/index.php
Not Found: /admin/phpmyadmin2/index.php
Not Found: /mysqladmin/index.php
Not Found: /mysql-admin/index.php
Not Found: /phpadmin/index.php
Not Found: /phpmyadmin0/index.php
Not Found: /phpmyadmin1/index.php
Not Found: /phpmyadmin2/index.php
Not Found: /myadmin/index.php
Not Found: /xampp/phpmyadmin/index.php
Not Found: /phpMyadmin_bak/index.php
Not Found: /www/phpMyAdmin/index.php
Not Found: /tools/phpMyAdmin/index.php
Not Found: /phpMyAdminold/index.php
Not Found: /phpMyAdmin.old/index.php
Not Found: /pma-old/index.php
Not Found: /claroline/phpMyAdmin/index.php
Not Found: /phpma/index.php
Not Found: /phpmyadmin/phpmyadmin/index.php
Not Found: /phpMyAdmin/phpMyAdmin/index.php
Not Found: /manager/html
Forbidden (CSRF cookie not set.): /
Not Found: /wls-wsat/CoordinatorPortType
Not Found: /index.php
Not Found: /phpmyadmin/index.php
Not Found: /phpMyAdmin/index.php
Not Found: /pmd/index.php
Not Found: /pma/index.php
Not Found: /PMA/index.php
Not Found: /PMA2/index.php
Not Found: /pmamy2/index.php
Not Found: /mysql/index.php
Not Found: /admin/index.php
Not Found: /db/index.php
Not Found: /dbadmin/index.php
Not Found: /web/phpMyAdmin/index.php
Not Found: /admin/pma/index.php
Not Found: /admin/PMA/index.php
Not Found: /admin/mysql/index.php
Not Found: /admin/phpmyadmin/index.php
Not Found: /admin/phpMyAdmin/index.php
Not Found: /admin/phpmyadmin2/index.php
Not Found: /mysqladmin/index.php
Not Found: /mysql-admin/index.php
Not Found: /phpadmin/index.php
Not Found: /phpmyadmin0/index.php
Not Found: /phpmyadmin1/index.php
Not Found: /phpmyadmin2/index.php
Not Found: /myadmin/index.php
Not Found: /myadmin2/index.php
Not Found: /xampp/phpmyadmin/index.php
Not Found: /phpMyadmin_bak/index.php
Not Found: /www/phpMyAdmin/index.php
Not Found: /tools/phpMyAdmin/index.php
Not Found: /phpmyadmin-old/index.php
Not Found: /phpMyAdminold/index.php
Not Found: /pma-old/index.php
Not Found: /claroline/phpMyAdmin/index.php
Not Found: /typo3/phpmyadmin/index.php
Not Found: /phpma/index.php
Not Found: /phpmyadmin/phpmyadmin/index.php
Not Found: /phpMyAdmin/phpMyAdmin/index.php
Not Found: /favicon.ico
Not Found: /robots.txt
Not Found: /favicon.ico
Not Found: /phpmyadmin/
Not Found: /PMA/
Not Found: /dbadmin/
Not Found: /pma/
Not Found: /db/
Not Found: /app/ini/awsconfig.ini
Not Found: /.env.swp
Not Found: /.svn/entries
Not Found: /manager/html
Not Found: /muieblackcat
Not Found: /phpMyAdmin/scripts/setup.php
Not Found: /phpmyadmin/scripts/setup.php
Not Found: /phpMyAdmin2/scripts/setup.php
Not Found: /phpMyAdmin3/scripts/setup.php
Not Found: /pma/scripts/setup.php
Not Found: /myadmin/scripts/setup.php
Not Found: /MyAdmin/scripts/setup.php
Not Found: /mysql/scripts/setup.php
Not Found: /scripts/setup.php
Not Found: /mysqladmin/scripts/setup.php
Not Found: /mysql-admin/scripts/setup.php
Not Found: /db/scripts/setup.php
Not Found: /dbadmin/scripts/setup.php
Not Found: /phpmanager/scripts/setup.php
Not Found: /phpmy-admin/scripts/setup.php
Not Found: /p/m/a/scripts/setup.php
Not Found: /webadmin/scripts/setup.php
Not Found: /my/scripts/setup.php
Not Found: /admin/scripts/setup.php
Not Found: /admin/pma/scripts/setup.php
Not Found: /admin/phpmyadmin/scripts/setup.php
Not Found: /phpadmin/scripts/setup.php
Not Found: /web/phpMyAdmin/scripts/setup.php
Not Found: /php-my-admin/scripts/setup.php
Not Found: /web/phpMyAdmin/scripts/setup.php
Not Found: /xampp/phpmyadmin/scripts/setup.php
Not Found: /administrator/components/com_joommyadmin/phpmyadmin/scripts/setup.php
Not Found: /apache-default/phpmyadmin/scripts/setup.php
Not Found: /blog/phpmyadmin/scripts/setup.php
Not Found: /cpanelphpmyadmin/scripts/setup.php
Not Found: /cpphpmyadmin/scripts/setup.php
Not Found: /php/phpmyadmin/scripts/setup.php
Not Found: /PMA2011/
Not Found: /PMA2012/
Not Found: /typo3/phpmyadmin/scripts/setup.php
Not Found: /forum/phpmyadmin/scripts/setup.php
Not Found: /robots.txt
Forbidden (CSRF cookie not set.): /
Not Found: /wls-wsat/CoordinatorPortType
Not Found: /index.php
Not Found: /phpmyadmin/index.php
Not Found: /phpMyAdmin/index.php
Not Found: /pmd/index.php
Not Found: /pma/index.php
Not Found: /PMA/index.php
Not Found: /PMA2/index.php
Not Found: /pmamy/index.php
Not Found: /pmamy2/index.php
Not Found: /mysql/index.php
Not Found: /admin/index.php
Not Found: /db/index.php
Not Found: /dbadmin/index.php
Not Found: /web/phpMyAdmin/index.php
Not Found: /admin/pma/index.php
Not Found: /admin/PMA/index.php
Not Found: /admin/mysql/index.php
Not Found: /admin/mysql2/index.php
Not Found: /admin/phpmyadmin/index.php
Not Found: /admin/phpMyAdmin/index.php
Not Found: /mysqladmin/index.php
Not Found: /mysql-admin/index.php
Not Found: /phpadmin/index.php
Not Found: /phpmyadmin0/index.php
Not Found: /phpmyadmin1/index.php
Not Found: /phpmyadmin2/index.php
Not Found: /myadmin/index.php
Not Found: /xampp/phpmyadmin/index.php
Not Found: /phpMyadmin_bak/index.php
Not Found: /www/phpMyAdmin/index.php
Not Found: /tools/phpMyAdmin/index.php
Not Found: /phpmyadmin-old/index.php
Not Found: /phpMyAdminold/index.php
Not Found: /phpMyAdmin.old/index.php
Not Found: /pma-old/index.php
Not Found: /claroline/phpMyAdmin/index.php
Not Found: /typo3/phpmyadmin/index.php
Not Found: /phpma/index.php
Not Found: /phpmyadmin/phpmyadmin/index.php
Not Found: /phpMyAdmin/phpMyAdmin/index.php
Forbidden (CSRF cookie not set.): /
Not Found: /wls-wsat/CoordinatorPortType
Not Found: /index.php
Not Found: /phpmyadmin/index.php
Not Found: /phpMyAdmin/index.php
Not Found: /pmd/index.php
Not Found: /pma/index.php
Not Found: /PMA/index.php
Not Found: /PMA2/index.php
Not Found: /pmamy/index.php
Not Found: /pmamy2/index.php
Not Found: /mysql/index.php
Not Found: /admin/index.php
Not Found: /db/index.php
Not Found: /dbadmin/index.php
Not Found: /web/phpMyAdmin/index.php
Not Found: /admin/pma/index.php
Not Found: /admin/PMA/index.php
Not Found: /admin/mysql/index.php
Not Found: /admin/mysql2/index.php
Not Found: /admin/phpmyadmin/index.php
Not Found: /admin/phpMyAdmin/index.php
Not Found: /admin/phpmyadmin2/index.php
Not Found: /mysqladmin/index.php
Not Found: /mysql-admin/index.php
Not Found: /phpadmin/index.php
Not Found: /phpmyadmin0/index.php
Not Found: /phpmyadmin1/index.php
Not Found: /phpmyadmin2/index.php
Not Found: /myadmin/index.php
Not Found: /myadmin2/index.php
Not Found: /xampp/phpmyadmin/index.php
Not Found: /phpMyadmin_bak/index.php
Not Found: /www/phpMyAdmin/index.php
Not Found: /tools/phpMyAdmin/index.php
Not Found: /phpmyadmin-old/index.php
Not Found: /phpMyAdminold/index.php
Not Found: /phpMyAdmin.old/index.php
Not Found: /pma-old/index.php
Not Found: /claroline/phpMyAdmin/index.php
Not Found: /typo3/phpmyadmin/index.php
Not Found: /phpma/index.php
Not Found: /phpmyadmin/phpmyadmin/index.php
Not Found: /phpMyAdmin/phpMyAdmin/index.php
Not Found: /index.php
Not Found: /phpmyadmin/index.php
Not Found: /phpMyAdmin/index.php
Not Found: /pmd/index.php
Not Found: /pma/index.php
Not Found: /PMA/index.php
Not Found: /PMA2/index.php
Not Found: /pmamy/index.php
Not Found: /pmamy2/index.php
Not Found: /mysql/index.php
Not Found: /admin/index.php
Not Found: /db/index.php
Not Found: /dbadmin/index.php
Not Found: /web/phpMyAdmin/index.php
Not Found: /admin/pma/index.php
Not Found: /admin/PMA/index.php
Not Found: /admin/mysql/index.php
Not Found: /admin/mysql2/index.php
Not Found: /admin/phpmyadmin/index.php
Not Found: /admin/phpMyAdmin/index.php
Not Found: /admin/phpmyadmin2/index.php
Not Found: /mysqladmin/index.php
Not Found: /mysql-admin/index.php
Not Found: /phpadmin/index.php
Not Found: /phpmyadmin0/index.php
Not Found: /phpmyadmin1/index.php
Not Found: /phpmyadmin2/index.php
Not Found: /myadmin/index.php
Not Found: /myadmin2/index.php
Not Found: /xampp/phpmyadmin/index.php
Not Found: /phpMyadmin_bak/index.php
Not Found: /www/phpMyAdmin/index.php
Not Found: /tools/phpMyAdmin/index.php
Not Found: /phpmyadmin-old/index.php
Not Found: /pma-old/index.php
Not Found: /claroline/phpMyAdmin/index.php
Not Found: /typo3/phpmyadmin/index.php
Not Found: /phpma/index.php
Not Found: /phpmyadmin/phpmyadmin/index.php
Not Found: /phpMyAdmin/phpMyAdmin/index.php
Forbidden (CSRF cookie not set.): /
Not Found: /wls-wsat/CoordinatorPortType
Not Found: /index.php
Not Found: /phpMyAdmin/index.php
Not Found: /pmd/index.php
Not Found: /pma/index.php
Not Found: /PMA/index.php
Not Found: /pmamy/index.php
Not Found: /pmamy2/index.php
Not Found: /mysql/index.php
Not Found: /admin/index.php
Not Found: /db/index.php
Not Found: /dbadmin/index.php
Not Found: /web/phpMyAdmin/index.php
Not Found: /admin/pma/index.php
Not Found: /admin/PMA/index.php
Not Found: /admin/mysql/index.php
Not Found: /admin/mysql2/index.php
Not Found: /admin/phpmyadmin/index.php
Not Found: /admin/phpMyAdmin/index.php
Not Found: /admin/phpmyadmin2/index.php
Not Found: /mysqladmin/index.php
Not Found: /mysql-admin/index.php
Not Found: /phpadmin/index.php
Not Found: /phpmyadmin0/index.php
Not Found: /phpmyadmin1/index.php
Not Found: /phpmyadmin2/index.php
Not Found: /myadmin/index.php
Not Found: /myadmin2/index.php
Not Found: /xampp/phpmyadmin/index.php
Not Found: /phpMyadmin_bak/index.php
Not Found: /www/phpMyAdmin/index.php
Not Found: /tools/phpMyAdmin/index.php
Not Found: /phpmyadmin-old/index.php
Not Found: /phpMyAdminold/index.php
Not Found: /pma-old/index.php
Not Found: /claroline/phpMyAdmin/index.php
Not Found: /typo3/phpmyadmin/index.php
Not Found: /phpma/index.php
Not Found: /phpmyadmin/phpmyadmin/index.php
Not Found: /phpMyAdmin/phpMyAdmin/index.php
Forbidden (CSRF cookie not set.): /
Not Found: /wls-wsat/CoordinatorPortType
Not Found: /index.php
Not Found: /phpmyadmin/index.php
Not Found: /phpMyAdmin/index.php
Not Found: /pmd/index.php
Not Found: /pma/index.php
Not Found: /PMA/index.php
Not Found: /PMA2/index.php
Not Found: /pmamy/index.php
Not Found: /pmamy2/index.php
Not Found: /mysql/index.php
Not Found: /admin/index.php
Not Found: /db/index.php
Not Found: /dbadmin/index.php
Not Found: /web/phpMyAdmin/index.php
Not Found: /admin/pma/index.php
Not Found: /admin/PMA/index.php
Not Found: /admin/mysql/index.php
Not Found: /admin/mysql2/index.php
Not Found: /admin/phpmyadmin/index.php
Not Found: /admin/phpMyAdmin/index.php
Not Found: /admin/phpmyadmin2/index.php
Not Found: /mysqladmin/index.php
Not Found: /mysql-admin/index.php
Not Found: /phpadmin/index.php
Not Found: /phpmyadmin0/index.php
Not Found: /phpmyadmin1/index.php
Not Found: /phpmyadmin2/index.php
Not Found: /myadmin/index.php
Not Found: /myadmin2/index.php
Not Found: /xampp/phpmyadmin/index.php
Not Found: /phpMyadmin_bak/index.php
Not Found: /www/phpMyAdmin/index.php
Not Found: /tools/phpMyAdmin/index.php
Not Found: /phpmyadmin-old/index.php
Not Found: /phpMyAdminold/index.php
Not Found: /phpMyAdmin.old/index.php
Not Found: /pma-old/index.php
Not Found: /claroline/phpMyAdmin/index.php
Not Found: /typo3/phpmyadmin/index.php
Not Found: /phpma/index.php
Not Found: /phpmyadmin/phpmyadmin/index.php
Not Found: /phpMyAdmin/phpMyAdmin/index.php
Not Found: /robots.txt
Not Found: /GponForm/diag_Form
Forbidden (CSRF cookie not set.): /
Not Found: /wls-wsat/CoordinatorPortType
Not Found: /index.php
Not Found: /phpmyadmin/index.php
Not Found: /phpMyAdmin/index.php
Not Found: /pmd/index.php
Not Found: /pma/index.php
Not Found: /PMA/index.php
Not Found: /PMA2/index.php
Not Found: /pmamy/index.php
Not Found: /pmamy2/index.php
Not Found: /mysql/index.php
Not Found: /admin/index.php
Not Found: /db/index.php
Not Found: /dbadmin/index.php
Not Found: /web/phpMyAdmin/index.php
Not Found: /admin/pma/index.php
Not Found: /admin/PMA/index.php
Not Found: /admin/mysql/index.php
Not Found: /admin/mysql2/index.php
Not Found: /admin/phpmyadmin/index.php
Not Found: /admin/phpMyAdmin/index.php
Not Found: /admin/phpmyadmin2/index.php
Not Found: /mysqladmin/index.php
Not Found: /mysql-admin/index.php
Not Found: /phpadmin/index.php
Not Found: /phpmyadmin0/index.php
Not Found: /phpmyadmin1/index.php
Not Found: /phpmyadmin2/index.php
Not Found: /myadmin/index.php
Not Found: /myadmin2/index.php
Not Found: /xampp/phpmyadmin/index.php
Not Found: /phpMyadmin_bak/index.php
Not Found: /www/phpMyAdmin/index.php
Not Found: /tools/phpMyAdmin/index.php
Not Found: /phpmyadmin-old/index.php
Not Found: /phpMyAdminold/index.php
Not Found: /phpMyAdmin.old/index.php
Not Found: /pma-old/index.php
Not Found: /claroline/phpMyAdmin/index.php
Not Found: /typo3/phpmyadmin/index.php
Not Found: /phpma/index.php
Not Found: /phpmyadmin/phpmyadmin/index.php
Not Found: /phpMyAdmin/phpMyAdmin/index.php
Not Found: /tools/phpMyAdmin/index.php
Not Found: /robots.txt
Not Found: /clientaccesspolicy.xml
